Build started 2/12/2014 5:37:45 PM.
     1>Project "C:\Users\v-datha\documents\visual studio 2013\Projects\LcsStudio\XCS_Lib\XCS_Lib.vcxproj" on node 2 (Build target(s)).
     1>ClCompile:
         C:\Program Files (x86)\Microsoft Visual Studio 12.0\VC\bin\CL.exe /c /Zi /nologo /W3 /WX- /Od /Oy- /D WIN32 /D _DEBUG /D _WINDOWS /Gm /EHsc /RTC1 /MDd /GS /fp:precise /Zc:wchar_t /Zc:forScope /Fo"Debug\\" /Fd"Debug\vc120.pdb" /Gd /TP /analyze- /errorReport:prompt "..\..\..\..\lcs\xcslib-1.1\binary_action.cpp" "..\..\..\..\lcs\xcslib-1.1\binary_inputs.cpp" "..\..\..\..\lcs\xcslib-1.1\boolean_action.cpp" "..\..\..\..\lcs\xcslib-1.1\dummy_action.cpp" "..\..\..\..\lcs\xcslib-1.1\experiment_mgr.cpp" "..\..\..\..\lcs\xcslib-1.1\fsm_env.cpp" "..\..\..\..\lcs\xcslib-1.1\grid_env.cpp" "..\..\..\..\lcs\xcslib-1.1\integer_action.cpp" "..\..\..\..\lcs\xcslib-1.1\multiplexer_env.cpp" "..\..\..\..\lcs\xcslib-1.1\parity_env.cpp" "..\..\..\..\lcs\xcslib-1.1\pf\base.cpp" "..\..\..\..\lcs\xcslib-1.1\pf\nlms.cpp" "..\..\..\..\lcs\xcslib-1.1\pf\utility.cpp" "..\..\..\..\lcs\xcslib-1.1\real_functions_env.cpp" "..\..\..\..\lcs\xcslib-1.1\real_inputs.cpp" "..\..\..\..\lcs\xcslib-1.1\real_interval_condition.cpp" "..\..\..\..\lcs\xcslib-1.1\ternary_condition.cpp" "..\..\..\..\lcs\xcslib-1.1\utility\mm2.cpp" "..\..\..\..\lcs\xcslib-1.1\utility\moving_average.cpp" "..\..\..\..\lcs\xcslib-1.1\woods2_env.cpp" "..\..\..\..\lcs\xcslib-1.1\woods_env.cpp" "..\..\..\..\lcs\xcslib-1.1\xcs_classifier.cpp" "..\..\..\..\lcs\xcslib-1.1\xcs_classifier_system.cpp" "..\..\..\..\lcs\xcslib-1.1\xcs_config_mgr2.cpp" "..\..\..\..\lcs\xcslib-1.1\xcs_main.cpp" "..\..\..\..\lcs\xcslib-1.1\xcs_random.cpp" "..\..\..\..\lcs\xcslib-1.1\xcs_utility.cpp" "..\..\..\..\lcs\xcslib-1.1\xcsf_classifier.cpp" "..\..\..\..\lcs\xcslib-1.1\xcsf_classifier_system.cpp" "..\..\..\..\lcs\xcslib-1.1\xcsf_main.cpp"
         xcsf_main.cpp
     1>c:\users\v-datha\documents\lcs\xcslib-1.1\rl_definitions.hpp(99): error C2006: '#include' : expected a filename, found 'identifier'
     1>c:\users\v-datha\documents\lcs\xcslib-1.1\rl_definitions.hpp(99): fatal error C1083: Cannot open include file: '': No such file or directory
         xcsf_classifier_system.cpp
     1>c:\users\v-datha\documents\lcs\xcslib-1.1\rl_definitions.hpp(99): error C2006: '#include' : expected a filename, found 'identifier'
     1>c:\users\v-datha\documents\lcs\xcslib-1.1\rl_definitions.hpp(99): fatal error C1083: Cannot open include file: '': No such file or directory
         xcsf_classifier.cpp
     1>c:\users\v-datha\documents\lcs\xcslib-1.1\rl_definitions.hpp(99): error C2006: '#include' : expected a filename, found 'identifier'
     1>c:\users\v-datha\documents\lcs\xcslib-1.1\rl_definitions.hpp(99): fatal error C1083: Cannot open include file: '': No such file or directory
         xcs_utility.cpp
     1>c:\users\v-datha\documents\lcs\xcslib-1.1\xcs_utility.hpp(84): fatal error C1083: Cannot open include file: 'sys/times.h': No such file or directory
         xcs_random.cpp
     1>c:\users\v-datha\documents\lcs\xcslib-1.1\xcs_utility.hpp(84): fatal error C1083: Cannot open include file: 'sys/times.h': No such file or directory
         xcs_main.cpp
     1>c:\users\v-datha\documents\lcs\xcslib-1.1\rl_definitions.hpp(99): error C2006: '#include' : expected a filename, found 'identifier'
     1>c:\users\v-datha\documents\lcs\xcslib-1.1\rl_definitions.hpp(99): fatal error C1083: Cannot open include file: '': No such file or directory
         xcs_config_mgr2.cpp
     1>c:\users\v-datha\documents\lcs\xcslib-1.1\xcs_utility.hpp(84): fatal error C1083: Cannot open include file: 'sys/times.h': No such file or directory
         xcs_classifier_system.cpp
     1>c:\users\v-datha\documents\lcs\xcslib-1.1\rl_definitions.hpp(99): error C2006: '#include' : expected a filename, found 'identifier'
     1>c:\users\v-datha\documents\lcs\xcslib-1.1\rl_definitions.hpp(99): fatal error C1083: Cannot open include file: '': No such file or directory
         xcs_classifier.cpp
     1>c:\users\v-datha\documents\lcs\xcslib-1.1\rl_definitions.hpp(99): error C2006: '#include' : expected a filename, found 'identifier'
     1>c:\users\v-datha\documents\lcs\xcslib-1.1\rl_definitions.hpp(99): fatal error C1083: Cannot open include file: '': No such file or directory
         woods_env.cpp
     1>c:\users\v-datha\documents\lcs\xcslib-1.1\rl_definitions.hpp(99): error C2006: '#include' : expected a filename, found 'identifier'
     1>c:\users\v-datha\documents\lcs\xcslib-1.1\rl_definitions.hpp(99): fatal error C1083: Cannot open include file: '': No such file or directory
         woods2_env.cpp
     1>c:\users\v-datha\documents\lcs\xcslib-1.1\rl_definitions.hpp(99): error C2006: '#include' : expected a filename, found 'identifier'
     1>c:\users\v-datha\documents\lcs\xcslib-1.1\rl_definitions.hpp(99): fatal error C1083: Cannot open include file: '': No such file or directory
         moving_average.cpp
     1>..\..\..\..\lcs\xcslib-1.1\utility\moving_average.cpp(50): error C4430: missing type specifier - int assumed. Note: C++ does not support default-int
     1>..\..\..\..\lcs\xcslib-1.1\utility\moving_average.cpp(60): error C2057: expected constant expression
     1>..\..\..\..\lcs\xcslib-1.1\utility\moving_average.cpp(60): error C2466: cannot allocate an array of constant size 0
     1>..\..\..\..\lcs\xcslib-1.1\utility\moving_average.cpp(60): error C2133: 'vect' : unknown size
         mm2.cpp
     1>..\..\..\..\lcs\xcslib-1.1\utility\mm2.cpp(70): error C4430: missing type specifier - int assumed. Note: C++ does not support default-int
     1>..\..\..\..\lcs\xcslib-1.1\utility\mm2.cpp(89): warning C4018: '<' : signed/unsigned mismatch
     1>..\..\..\..\lcs\xcslib-1.1\utility\mm2.cpp(195): warning C4018: '<=' : signed/unsigned mismatch
     1>..\..\..\..\lcs\xcslib-1.1\utility\mm2.cpp(203): warning C4244: 'initializing' : conversion from 'double' to 'float', possible loss of data
     1>..\..\..\..\lcs\xcslib-1.1\utility\mm2.cpp(207): error C3861: 'max': identifier not found
         ternary_condition.cpp
     1>c:\users\v-datha\documents\lcs\xcslib-1.1\rl_definitions.hpp(99): error C2006: '#include' : expected a filename, found 'identifier'
     1>c:\users\v-datha\documents\lcs\xcslib-1.1\rl_definitions.hpp(99): fatal error C1083: Cannot open include file: '': No such file or directory
         real_interval_condition.cpp
     1>c:\users\v-datha\documents\lcs\xcslib-1.1\rl_definitions.hpp(99): error C2006: '#include' : expected a filename, found 'identifier'
     1>c:\users\v-datha\documents\lcs\xcslib-1.1\rl_definitions.hpp(99): fatal error C1083: Cannot open include file: '': No such file or directory
         real_inputs.cpp
     1>c:\users\v-datha\documents\lcs\xcslib-1.1\xcs_utility.hpp(84): fatal error C1083: Cannot open include file: 'sys/times.h': No such file or directory
         real_functions_env.cpp
     1>c:\users\v-datha\documents\lcs\xcslib-1.1\rl_definitions.hpp(99): error C2006: '#include' : expected a filename, found 'identifier'
     1>c:\users\v-datha\documents\lcs\xcslib-1.1\rl_definitions.hpp(99): fatal error C1083: Cannot open include file: '': No such file or directory
         utility.cpp
     1>..\..\..\..\lcs\xcslib-1.1\pf\utility.cpp(48): fatal error C1083: Cannot open include file: 'pf/base.hpp': No such file or directory
         nlms.cpp
     1>..\..\..\..\lcs\xcslib-1.1\pf\nlms.cpp(64): fatal error C1083: Cannot open include file: 'xcs_utility.hpp': No such file or directory
         base.cpp
     1>..\..\..\..\lcs\xcslib-1.1\pf\base.cpp(75): fatal error C1083: Cannot open include file: 'pf/base.hpp': No such file or directory
         Generating Code...
         Compiling...
         parity_env.cpp
     1>c:\users\v-datha\documents\lcs\xcslib-1.1\rl_definitions.hpp(99): error C2006: '#include' : expected a filename, found 'identifier'
     1>c:\users\v-datha\documents\lcs\xcslib-1.1\rl_definitions.hpp(99): fatal error C1083: Cannot open include file: '': No such file or directory
         multiplexer_env.cpp
     1>c:\users\v-datha\documents\lcs\xcslib-1.1\xcs_utility.hpp(84): fatal error C1083: Cannot open include file: 'sys/times.h': No such file or directory
         integer_action.cpp
     1>c:\users\v-datha\documents\lcs\xcslib-1.1\xcs_utility.hpp(84): fatal error C1083: Cannot open include file: 'sys/times.h': No such file or directory
         grid_env.cpp
     1>c:\users\v-datha\documents\lcs\xcslib-1.1\rl_definitions.hpp(99): error C2006: '#include' : expected a filename, found 'identifier'
     1>c:\users\v-datha\documents\lcs\xcslib-1.1\rl_definitions.hpp(99): fatal error C1083: Cannot open include file: '': No such file or directory
         fsm_env.cpp
     1>c:\users\v-datha\documents\lcs\xcslib-1.1\rl_definitions.hpp(99): error C2006: '#include' : expected a filename, found 'identifier'
     1>c:\users\v-datha\documents\lcs\xcslib-1.1\rl_definitions.hpp(99): fatal error C1083: Cannot open include file: '': No such file or directory
         experiment_mgr.cpp
     1>c:\users\v-datha\documents\lcs\xcslib-1.1\xcs_utility.hpp(84): fatal error C1083: Cannot open include file: 'sys/times.h': No such file or directory
         dummy_action.cpp
     1>c:\users\v-datha\documents\lcs\xcslib-1.1\xcs_utility.hpp(84): fatal error C1083: Cannot open include file: 'sys/times.h': No such file or directory
         boolean_action.cpp
     1>c:\users\v-datha\documents\lcs\xcslib-1.1\xcs_utility.hpp(84): fatal error C1083: Cannot open include file: 'sys/times.h': No such file or directory
         binary_inputs.cpp
     1>c:\users\v-datha\documents\lcs\xcslib-1.1\xcs_utility.hpp(84): fatal error C1083: Cannot open include file: 'sys/times.h': No such file or directory
         binary_action.cpp
     1>c:\users\v-datha\documents\lcs\xcslib-1.1\xcs_utility.hpp(84): fatal error C1083: Cannot open include file: 'sys/times.h': No such file or directory
         Generating Code...
     1>Done Building Project "C:\Users\v-datha\documents\visual studio 2013\Projects\LcsStudio\XCS_Lib\XCS_Lib.vcxproj" (Build target(s)) -- FAILED.

Build FAILED.

Time Elapsed 00:00:08.66
